<?xml version="1.0" encoding="UTF-8"?>
<!-- Generated by org.testng.reporters.JUnitReportReporter -->
<testsuite hostname="Sharknomnom" failures="0" tests="6" name="BCNK_TermMajor_AutoTest.Create_Search_Update_Delete_N_TestNG" time="47.614" errors="0" timestamp="2024-04-19T20:51:51 ICT" skipped="0">
  <testcase classname="BCNK_TermMajor_AutoTest.Create_Search_Update_Delete_N_TestNG" name="Login" time="2.626"/>
  <system-out/>
  <testcase classname="BCNK_TermMajor_AutoTest.Create_Search_Update_Delete_N_TestNG" name="Term" time="2.238"/>
  <system-out/>
  <testcase classname="BCNK_TermMajor_AutoTest.Create_Search_Update_Delete_N_TestNG" name="Create" time="17.495"/>
  <system-out/>
  <testcase classname="BCNK_TermMajor_AutoTest.Create_Search_Update_Delete_N_TestNG" name="Search" time="2.169"/>
  <system-out/>
  <testcase classname="BCNK_TermMajor_AutoTest.Create_Search_Update_Delete_N_TestNG" name="Update" time="17.867"/>
  <system-out/>
  <testcase classname="BCNK_TermMajor_AutoTest.Create_Search_Update_Delete_N_TestNG" name="Delete" time="5.219"/>
  <system-out/>
</testsuite> <!-- BCNK_TermMajor_AutoTest.Create_Search_Update_Delete_N_TestNG -->
