<?xml version="1.0" encoding="UTF-8"?>
<!-- Generated by org.testng.reporters.JUnitReportReporter -->
<testsuite hostname="Sharknomnom" failures="0" tests="10" name="BCNK_TermMajor_AutoTest.Updatecode_Create_Search_Update_Lock_Unlock_Delete_HK_TestNG" time="45.983" errors="0" timestamp="2024-04-19T20:50:17 ICT" skipped="0">
  <testcase classname="BCNK_TermMajor_AutoTest.Updatecode_Create_Search_Update_Lock_Unlock_Delete_HK_TestNG" name="Login" time="0.553"/>
  <system-out/>
  <testcase classname="BCNK_TermMajor_AutoTest.Updatecode_Create_Search_Update_Lock_Unlock_Delete_HK_TestNG" name="Term" time="2.434"/>
  <system-out/>
  <testcase classname="BCNK_TermMajor_AutoTest.Updatecode_Create_Search_Update_Lock_Unlock_Delete_HK_TestNG" name="Create" time="10.292"/>
  <system-out/>
  <testcase classname="BCNK_TermMajor_AutoTest.Updatecode_Create_Search_Update_Lock_Unlock_Delete_HK_TestNG" name="Search" time="2.085"/>
  <system-out/>
  <testcase classname="BCNK_TermMajor_AutoTest.Updatecode_Create_Search_Update_Lock_Unlock_Delete_HK_TestNG" name="Update" time="5.595"/>
  <system-out/>
  <testcase classname="BCNK_TermMajor_AutoTest.Updatecode_Create_Search_Update_Lock_Unlock_Delete_HK_TestNG" name="Lock" time="9.136"/>
  <system-out/>
  <testcase classname="BCNK_TermMajor_AutoTest.Updatecode_Create_Search_Update_Lock_Unlock_Delete_HK_TestNG" name="Unlock" time="6.178"/>
  <system-out/>
  <testcase classname="BCNK_TermMajor_AutoTest.Updatecode_Create_Search_Update_Lock_Unlock_Delete_HK_TestNG" name="Term1" time="2.294"/>
  <system-out/>
  <testcase classname="BCNK_TermMajor_AutoTest.Updatecode_Create_Search_Update_Lock_Unlock_Delete_HK_TestNG" name="Search1" time="2.167"/>
  <system-out/>
  <testcase classname="BCNK_TermMajor_AutoTest.Updatecode_Create_Search_Update_Lock_Unlock_Delete_HK_TestNG" name="Delete" time="5.249"/>
  <system-out/>
</testsuite> <!-- BCNK_TermMajor_AutoTest.Updatecode_Create_Search_Update_Lock_Unlock_Delete_HK_TestNG -->
