<?xml version="1.0" encoding="UTF-8"?>
<!-- Generated by org.testng.reporters.JUnitReportReporter -->
<testsuite hostname="Sharknomnom" failures="0" tests="2" name="BCNK_DegreeRank_AutoTest.TestNG" time="17.403" errors="0" timestamp="2024-04-18T20:28:46 ICT" skipped="0">
  <testcase classname="BCNK_DegreeRank_AutoTest.TestNG" name="academic" time="16.787"/>
  <system-out/>
  <testcase classname="BCNK_DegreeRank_AutoTest.TestNG" name="Login" time="0.616"/>
  <system-out/>
</testsuite> <!-- BCNK_DegreeRank_AutoTest.TestNG -->
