<?xml version="1.0" encoding="UTF-8"?>
<!-- Generated by org.testng.reporters.JUnitReportReporter -->
<testsuite hostname="Sharknomnom" failures="0" tests="10" name="BCNK_1_AutoTest.Create_Search_Update_Lock_Unlock_Delete_TERM_TestNG" time="76.507" errors="0" timestamp="2024-03-18T10:11:15 ICT" skipped="0">
  <testcase classname="BCNK_1_AutoTest.Create_Search_Update_Lock_Unlock_Delete_TERM_TestNG" name="Login" time="41.099"/>
  <system-out/>
  <testcase classname="BCNK_1_AutoTest.Create_Search_Update_Lock_Unlock_Delete_TERM_TestNG" name="Term" time="2.698"/>
  <system-out/>
  <testcase classname="BCNK_1_AutoTest.Create_Search_Update_Lock_Unlock_Delete_TERM_TestNG" name="Create" time="9.944"/>
  <system-out/>
  <testcase classname="BCNK_1_AutoTest.Create_Search_Update_Lock_Unlock_Delete_TERM_TestNG" name="Search" time="2.205"/>
  <system-out/>
  <testcase classname="BCNK_1_AutoTest.Create_Search_Update_Lock_Unlock_Delete_TERM_TestNG" name="Update" time="5.153"/>
  <system-out/>
  <testcase classname="BCNK_1_AutoTest.Create_Search_Update_Lock_Unlock_Delete_TERM_TestNG" name="Lock" time="3.181"/>
  <system-out/>
  <testcase classname="BCNK_1_AutoTest.Create_Search_Update_Lock_Unlock_Delete_TERM_TestNG" name="Unlock" time="3.156"/>
  <system-out/>
  <testcase classname="BCNK_1_AutoTest.Create_Search_Update_Lock_Unlock_Delete_TERM_TestNG" name="Term1" time="2.562"/>
  <system-out/>
  <testcase classname="BCNK_1_AutoTest.Create_Search_Update_Lock_Unlock_Delete_TERM_TestNG" name="Search1" time="2.209"/>
  <system-out/>
  <testcase classname="BCNK_1_AutoTest.Create_Search_Update_Lock_Unlock_Delete_TERM_TestNG" name="Delete" time="4.300"/>
  <system-out/>
</testsuite> <!-- BCNK_1_AutoTest.Create_Search_Update_Lock_Unlock_Delete_TERM_TestNG -->
