<?xml version="1.0" encoding="UTF-8"?>
<!-- Generated by org.testng.reporters.JUnitReportReporter -->
<testsuite hostname="Sharknomnom" failures="0" tests="1" name="BCNK_2_AutoTest.TestFail2" time="15.614" errors="0" timestamp="2024-03-24T00:06:26 ICT" skipped="0">
  <testcase classname="BCNK_2_AutoTest.TestFail2" name="Login_TC" time="15.614"/>
  <system-out/>
</testsuite> <!-- BCNK_2_AutoTest.TestFail2 -->
