<?xml version="1.0" encoding="UTF-8"?>
<!-- Generated by org.testng.reporters.JUnitReportReporter -->
<testsuite hostname="Sharknomnom" failures="0" tests="5" name="BCNK_TermMajor_AutoTest.Create_HK_ManyCases_TestNG" time="47.681" errors="0" timestamp="2024-04-19T20:53:03 ICT" skipped="0">
  <testcase classname="BCNK_TermMajor_AutoTest.Create_HK_ManyCases_TestNG" name="Login" time="0.965"/>
  <system-out/>
  <testcase classname="BCNK_TermMajor_AutoTest.Create_HK_ManyCases_TestNG" name="Điền_2_Số" time="12.415"/>
  <system-out/>
  <testcase classname="BCNK_TermMajor_AutoTest.Create_HK_ManyCases_TestNG" name="Điền_4_Số" time="11.342"/>
  <system-out/>
  <testcase classname="BCNK_TermMajor_AutoTest.Create_HK_ManyCases_TestNG" name="Điền_số_ký_tự_đặc_Biệt" time="11.477"/>
  <system-out/>
  <testcase classname="BCNK_TermMajor_AutoTest.Create_HK_ManyCases_TestNG" name="Không_điền" time="11.482"/>
  <system-out/>
</testsuite> <!-- BCNK_TermMajor_AutoTest.Create_HK_ManyCases_TestNG -->
