<?xml version="1.0" encoding="UTF-8"?>
<!-- Generated by org.testng.reporters.JUnitReportReporter -->
<testsuite hostname="Sharknomnom" failures="0" tests="14" name="BCNK_AutoTest.Updatecode_Create_Search_Update_Lock_Unlock_Delete_USER_TestNG" time="79.266" errors="0" timestamp="2024-03-26T19:49:56 ICT" skipped="0">
  <testcase classname="BCNK_AutoTest.Updatecode_Create_Search_Update_Lock_Unlock_Delete_USER_TestNG" name="LoginTerm" time="2.937"/>
  <system-out/>
  <testcase classname="BCNK_AutoTest.Updatecode_Create_Search_Update_Lock_Unlock_Delete_USER_TestNG" name="User" time="4.800"/>
  <system-out/>
  <testcase classname="BCNK_AutoTest.Updatecode_Create_Search_Update_Lock_Unlock_Delete_USER_TestNG" name="Create" time="20.471"/>
  <system-out/>
  <testcase classname="BCNK_AutoTest.Updatecode_Create_Search_Update_Lock_Unlock_Delete_USER_TestNG" name="Search" time="2.415"/>
  <system-out/>
  <testcase classname="BCNK_AutoTest.Updatecode_Create_Search_Update_Lock_Unlock_Delete_USER_TestNG" name="Update" time="13.892"/>
  <system-out/>
  <testcase classname="BCNK_AutoTest.Updatecode_Create_Search_Update_Lock_Unlock_Delete_USER_TestNG" name="User1" time="2.408"/>
  <system-out/>
  <testcase classname="BCNK_AutoTest.Updatecode_Create_Search_Update_Lock_Unlock_Delete_USER_TestNG" name="Search1" time="2.386"/>
  <system-out/>
  <testcase classname="BCNK_AutoTest.Updatecode_Create_Search_Update_Lock_Unlock_Delete_USER_TestNG" name="Lock" time="7.580"/>
  <system-out/>
  <testcase classname="BCNK_AutoTest.Updatecode_Create_Search_Update_Lock_Unlock_Delete_USER_TestNG" name="User2" time="2.344"/>
  <system-out/>
  <testcase classname="BCNK_AutoTest.Updatecode_Create_Search_Update_Lock_Unlock_Delete_USER_TestNG" name="Search2" time="2.367"/>
  <system-out/>
  <testcase classname="BCNK_AutoTest.Updatecode_Create_Search_Update_Lock_Unlock_Delete_USER_TestNG" name="Unlock" time="7.540"/>
  <system-out/>
  <testcase classname="BCNK_AutoTest.Updatecode_Create_Search_Update_Lock_Unlock_Delete_USER_TestNG" name="User3" time="2.387"/>
  <system-out/>
  <testcase classname="BCNK_AutoTest.Updatecode_Create_Search_Update_Lock_Unlock_Delete_USER_TestNG" name="Search3" time="2.358"/>
  <system-out/>
  <testcase classname="BCNK_AutoTest.Updatecode_Create_Search_Update_Lock_Unlock_Delete_USER_TestNG" name="Delete" time="5.381"/>
  <system-out/>
</testsuite> <!-- BCNK_AutoTest.Updatecode_Create_Search_Update_Lock_Unlock_Delete_USER_TestNG -->
