<?xml version="1.0" encoding="UTF-8"?>
<!-- Generated by org.testng.reporters.JUnitReportReporter -->
<testsuite hostname="Sharknomnom" failures="0" tests="2" name="BCNK_AutoTest.Update_Login_Logout_TestNG" time="4.685" errors="0" timestamp="2024-03-25T00:29:02 ICT" skipped="0">
  <testcase classname="BCNK_AutoTest.Update_Login_Logout_TestNG" name="Login" time="0.531"/>
  <system-out/>
  <testcase classname="BCNK_AutoTest.Update_Login_Logout_TestNG" name="Logout" time="4.154"/>
  <system-out/>
</testsuite> <!-- BCNK_AutoTest.Update_Login_Logout_TestNG -->
