<?xml version="1.0" encoding="UTF-8"?>
<!-- Generated by org.testng.reporters.JUnitReportReporter -->
<testsuite hostname="Sharknomnom" failures="0" tests="3" name="BCNK_2_AutoTest.TestFail1" time="81.452" errors="0" timestamp="2024-03-22T19:58:14 ICT" skipped="0">
  <testcase classname="BCNK_2_AutoTest.TestFail1" name="Login" time="26.680"/>
  <system-out/>
  <testcase classname="BCNK_2_AutoTest.TestFail1" name="f" time="27.092"/>
  <system-out/>
  <testcase classname="BCNK_2_AutoTest.TestFail1" name="f1" time="27.680"/>
  <system-out/>
</testsuite> <!-- BCNK_2_AutoTest.TestFail1 -->
