<?xml version="1.0" encoding="UTF-8"?>
<!-- Generated by org.testng.reporters.JUnitReportReporter -->
<testsuite hostname="Sharknomnom" failures="0" tests="14" name="BCNK_AutoTest.NewTest" time="93.124" errors="0" timestamp="2024-03-11T00:59:16 ICT" skipped="0">
  <testcase classname="BCNK_AutoTest.NewTest" name="Login" time="26.429"/>
  <system-out/>
  <testcase classname="BCNK_AutoTest.NewTest" name="User" time="2.374"/>
  <system-out/>
  <testcase classname="BCNK_AutoTest.NewTest" name="Create" time="19.045"/>
  <system-out/>
  <testcase classname="BCNK_AutoTest.NewTest" name="Search" time="2.321"/>
  <system-out/>
  <testcase classname="BCNK_AutoTest.NewTest" name="Update" time="12.470"/>
  <system-out/>
  <testcase classname="BCNK_AutoTest.NewTest" name="User1" time="2.287"/>
  <system-out/>
  <testcase classname="BCNK_AutoTest.NewTest" name="Search1" time="2.307"/>
  <system-out/>
  <testcase classname="BCNK_AutoTest.NewTest" name="Lock" time="6.294"/>
  <system-out/>
  <testcase classname="BCNK_AutoTest.NewTest" name="User2" time="2.295"/>
  <system-out/>
  <testcase classname="BCNK_AutoTest.NewTest" name="Search2" time="2.310"/>
  <system-out/>
  <testcase classname="BCNK_AutoTest.NewTest" name="Unlock" time="6.257"/>
  <system-out/>
  <testcase classname="BCNK_AutoTest.NewTest" name="User3" time="2.247"/>
  <system-out/>
  <testcase classname="BCNK_AutoTest.NewTest" name="Search3" time="2.309"/>
  <system-out/>
  <testcase classname="BCNK_AutoTest.NewTest" name="Delete" time="4.179"/>
  <system-out/>
</testsuite> <!-- BCNK_AutoTest.NewTest -->
