<?xml version="1.0" encoding="UTF-8"?>
<!-- Generated by org.testng.reporters.JUnitReportReporter -->
<testsuite hostname="Sharknomnom" failures="0" tests="10" name="BCNK_1_AutoTest.Updatecode_Create_Search_Update_Lock_Unlock_Delete_TERM_TestNG" time="46.603" errors="0" timestamp="2024-03-26T16:48:22 ICT" skipped="0">
  <testcase classname="BCNK_1_AutoTest.Updatecode_Create_Search_Update_Lock_Unlock_Delete_TERM_TestNG" name="LoginTerm" time="0.543"/>
  <system-out/>
  <testcase classname="BCNK_1_AutoTest.Updatecode_Create_Search_Update_Lock_Unlock_Delete_TERM_TestNG" name="Term" time="2.842"/>
  <system-out/>
  <testcase classname="BCNK_1_AutoTest.Updatecode_Create_Search_Update_Lock_Unlock_Delete_TERM_TestNG" name="Create" time="10.317"/>
  <system-out/>
  <testcase classname="BCNK_1_AutoTest.Updatecode_Create_Search_Update_Lock_Unlock_Delete_TERM_TestNG" name="Search" time="2.099"/>
  <system-out/>
  <testcase classname="BCNK_1_AutoTest.Updatecode_Create_Search_Update_Lock_Unlock_Delete_TERM_TestNG" name="Update" time="5.572"/>
  <system-out/>
  <testcase classname="BCNK_1_AutoTest.Updatecode_Create_Search_Update_Lock_Unlock_Delete_TERM_TestNG" name="Lock" time="9.118"/>
  <system-out/>
  <testcase classname="BCNK_1_AutoTest.Updatecode_Create_Search_Update_Lock_Unlock_Delete_TERM_TestNG" name="Unlock" time="6.131"/>
  <system-out/>
  <testcase classname="BCNK_1_AutoTest.Updatecode_Create_Search_Update_Lock_Unlock_Delete_TERM_TestNG" name="Term1" time="2.598"/>
  <system-out/>
  <testcase classname="BCNK_1_AutoTest.Updatecode_Create_Search_Update_Lock_Unlock_Delete_TERM_TestNG" name="Search1" time="2.134"/>
  <system-out/>
  <testcase classname="BCNK_1_AutoTest.Updatecode_Create_Search_Update_Lock_Unlock_Delete_TERM_TestNG" name="Delete" time="5.249"/>
  <system-out/>
</testsuite> <!-- BCNK_1_AutoTest.Updatecode_Create_Search_Update_Lock_Unlock_Delete_TERM_TestNG -->
