<?xml version="1.0" encoding="UTF-8"?>
<!-- Generated by org.testng.reporters.JUnitReportReporter -->
<testsuite hostname="Sharknomnom" failures="0" tests="5" name="BCNK_1_AutoTest.Create_TERM_ManyCases_TestNG" time="54.921" errors="0" timestamp="2024-03-26T17:42:44 ICT" skipped="0">
  <testcase classname="BCNK_1_AutoTest.Create_TERM_ManyCases_TestNG" name="LoginTerm" time="0.547"/>
  <system-out/>
  <testcase classname="BCNK_1_AutoTest.Create_TERM_ManyCases_TestNG" name="Điền_2_Số" time="17.770"/>
  <system-out/>
  <testcase classname="BCNK_1_AutoTest.Create_TERM_ManyCases_TestNG" name="Điền_4_Số" time="12.020"/>
  <system-out/>
  <testcase classname="BCNK_1_AutoTest.Create_TERM_ManyCases_TestNG" name="Điền_số_ký_tự_đặc_Biệt" time="12.280"/>
  <system-out/>
  <testcase classname="BCNK_1_AutoTest.Create_TERM_ManyCases_TestNG" name="Không_điền" time="12.304"/>
  <system-out/>
</testsuite> <!-- BCNK_1_AutoTest.Create_TERM_ManyCases_TestNG -->
