<?xml version="1.0" encoding="UTF-8"?>
<!-- Generated by org.testng.reporters.JUnitReportReporter -->
<testsuite hostname="Sharknomnom" failures="0" tests="10" name="BCNK_User_AutoTest.Create_USER_ManyCases_TestNG" time="194.779" errors="0" timestamp="2024-04-24T15:20:53 ICT" skipped="0">
  <testcase classname="BCNK_User_AutoTest.Create_USER_ManyCases_TestNG" name="Login" time="2.711"/>
  <system-out/>
  <testcase classname="BCNK_User_AutoTest.Create_USER_ManyCases_TestNG" name="User" time="2.783"/>
  <system-out/>
  <testcase classname="BCNK_User_AutoTest.Create_USER_ManyCases_TestNG" name="MGV_Điền_không_đủ_số" time="25.365"/>
  <system-out/>
  <testcase classname="BCNK_User_AutoTest.Create_USER_ManyCases_TestNG" name="MGV_Điền_Chữ_Không" time="23.398"/>
  <system-out/>
  <testcase classname="BCNK_User_AutoTest.Create_USER_ManyCases_TestNG" name="MGV_Điền_ký_Hiệu" time="23.508"/>
  <system-out/>
  <testcase classname="BCNK_User_AutoTest.Create_USER_ManyCases_TestNG" name="MGV_Điền_Khoảng_Trắng" time="23.430"/>
  <system-out/>
  <testcase classname="BCNK_User_AutoTest.Create_USER_ManyCases_TestNG" name="TGV_Điền_Số" time="23.467"/>
  <system-out/>
  <testcase classname="BCNK_User_AutoTest.Create_USER_ManyCases_TestNG" name="TGV_Điền_từa_lưa_chữ" time="23.448"/>
  <system-out/>
  <testcase classname="BCNK_User_AutoTest.Create_USER_ManyCases_TestNG" name="TGV_Điền_Số_ký_tự" time="23.331"/>
  <system-out/>
  <testcase classname="BCNK_User_AutoTest.Create_USER_ManyCases_TestNG" name="TGV_Điền_Khoảng_Trắng" time="23.338"/>
  <system-out/>
</testsuite> <!-- BCNK_User_AutoTest.Create_USER_ManyCases_TestNG -->
