<?xml version="1.0" encoding="UTF-8"?>
<!-- Generated by org.testng.reporters.JUnitReportReporter -->
<testsuite hostname="Sharknomnom" failures="0" tests="3" name="BCNK_2_AutoTest.TestFail4" time="125.391" errors="0" timestamp="2024-03-24T00:47:08 ICT" skipped="0">
  <testcase classname="BCNK_2_AutoTest.TestFail4" name="DB_Loi_HvT_KyTU" time="43.726"/>
  <system-out/>
  <testcase classname="BCNK_2_AutoTest.TestFail4" name="DB_Loi_HvT_So" time="40.795"/>
  <system-out/>
  <testcase classname="BCNK_2_AutoTest.TestFail4" name="DB_Loi_mail" time="40.870"/>
  <system-out/>
</testsuite> <!-- BCNK_2_AutoTest.TestFail4 -->
