<?xml version="1.0" encoding="UTF-8"?>
<!-- Generated by org.testng.reporters.JUnitReportReporter -->
<testsuite hostname="Sharknomnom" failures="0" tests="10" name="BCNK_AutoTest.Create_Search_Update_Lock_Unlock_Delete_TERM_TestNG" time="65.021" errors="0" timestamp="2024-03-17T23:07:55 ICT" skipped="0">
  <testcase classname="BCNK_AutoTest.Create_Search_Update_Lock_Unlock_Delete_TERM_TestNG" name="Login" time="30.041"/>
  <system-out/>
  <testcase classname="BCNK_AutoTest.Create_Search_Update_Lock_Unlock_Delete_TERM_TestNG" name="Term" time="2.423"/>
  <system-out/>
  <testcase classname="BCNK_AutoTest.Create_Search_Update_Lock_Unlock_Delete_TERM_TestNG" name="Create" time="9.131"/>
  <system-out/>
  <testcase classname="BCNK_AutoTest.Create_Search_Update_Lock_Unlock_Delete_TERM_TestNG" name="Search" time="2.117"/>
  <system-out/>
  <testcase classname="BCNK_AutoTest.Create_Search_Update_Lock_Unlock_Delete_TERM_TestNG" name="Update" time="4.583"/>
  <system-out/>
  <testcase classname="BCNK_AutoTest.Create_Search_Update_Lock_Unlock_Delete_TERM_TestNG" name="Lock" time="0.078"/>
  <system-out/>
  <testcase classname="BCNK_AutoTest.Create_Search_Update_Lock_Unlock_Delete_TERM_TestNG" name="Unlock" time="8.060"/>
  <system-out/>
  <testcase classname="BCNK_AutoTest.Create_Search_Update_Lock_Unlock_Delete_TERM_TestNG" name="Term1" time="2.289"/>
  <system-out/>
  <testcase classname="BCNK_AutoTest.Create_Search_Update_Lock_Unlock_Delete_TERM_TestNG" name="Search1" time="2.116"/>
  <system-out/>
  <testcase classname="BCNK_AutoTest.Create_Search_Update_Lock_Unlock_Delete_TERM_TestNG" name="Delete" time="4.183"/>
  <system-out/>
</testsuite> <!-- BCNK_AutoTest.Create_Search_Update_Lock_Unlock_Delete_TERM_TestNG -->
