<?xml version="1.0" encoding="UTF-8"?>
<!-- Generated by org.testng.reporters.JUnitReportReporter -->
<testsuite hostname="Sharknomnom" failures="0" tests="2" name="BCNK_AutoTest.Updatecode_Login_Logout_TestNG" time="7.612" errors="0" timestamp="2024-03-26T19:47:23 ICT" skipped="0">
  <testcase classname="BCNK_AutoTest.Updatecode_Login_Logout_TestNG" name="LoginTerm" time="0.607"/>
  <system-out/>
  <testcase classname="BCNK_AutoTest.Updatecode_Login_Logout_TestNG" name="Logout" time="7.005"/>
  <system-out/>
</testsuite> <!-- BCNK_AutoTest.Updatecode_Login_Logout_TestNG -->
