<?xml version="1.0" encoding="UTF-8"?>
<!-- Generated by org.testng.reporters.JUnitReportReporter -->
<testsuite hostname="Sharknomnom" failures="0" tests="2" name="BCNK_AutoTest.Login_Logout_TestNG" time="32.747" errors="0" timestamp="2024-03-11T01:00:10 ICT" skipped="0">
  <testcase classname="BCNK_AutoTest.Login_Logout_TestNG" name="Login" time="28.568"/>
  <system-out/>
  <testcase classname="BCNK_AutoTest.Login_Logout_TestNG" name="Logout" time="4.179"/>
  <system-out/>
</testsuite> <!-- BCNK_AutoTest.Login_Logout_TestNG -->
