<?xml version="1.0" encoding="UTF-8"?>
<!-- Generated by org.testng.reporters.JUnitReportReporter -->
<testsuite hostname="Sharknomnom" failures="0" tests="6" name="BCNK_Term_AutoTest.Create_Search_Update_Delete_N_TestNG" time="46.338" errors="0" timestamp="2024-04-18T17:32:27 ICT" skipped="0">
  <testcase classname="BCNK_Term_AutoTest.Create_Search_Update_Delete_N_TestNG" name="LoginTerm" time="0.576"/>
  <system-out/>
  <testcase classname="BCNK_Term_AutoTest.Create_Search_Update_Delete_N_TestNG" name="Term" time="3.888"/>
  <system-out/>
  <testcase classname="BCNK_Term_AutoTest.Create_Search_Update_Delete_N_TestNG" name="Create" time="16.696"/>
  <system-out/>
  <testcase classname="BCNK_Term_AutoTest.Create_Search_Update_Delete_N_TestNG" name="Search" time="2.157"/>
  <system-out/>
  <testcase classname="BCNK_Term_AutoTest.Create_Search_Update_Delete_N_TestNG" name="Update" time="17.774"/>
  <system-out/>
  <testcase classname="BCNK_Term_AutoTest.Create_Search_Update_Delete_N_TestNG" name="Delete" time="5.247"/>
  <system-out/>
</testsuite> <!-- BCNK_Term_AutoTest.Create_Search_Update_Delete_N_TestNG -->
