<?xml version="1.0" encoding="UTF-8"?>
<!-- Generated by org.testng.reporters.JUnitReportReporter -->
<testsuite hostname="Sharknomnom" failures="0" tests="14" name="BCNK_AutoTest.Create_Search_Update_Lock_Delete_USER_TestNG" time="91.524" errors="0" timestamp="2024-03-10T19:45:27 ICT" skipped="0">
  <testcase classname="BCNK_AutoTest.Create_Search_Update_Lock_Delete_USER_TestNG" name="Login" time="25.711"/>
  <system-out/>
  <testcase classname="BCNK_AutoTest.Create_Search_Update_Lock_Delete_USER_TestNG" name="User" time="2.244"/>
  <system-out/>
  <testcase classname="BCNK_AutoTest.Create_Search_Update_Lock_Delete_USER_TestNG" name="Create" time="18.891"/>
  <system-out/>
  <testcase classname="BCNK_AutoTest.Create_Search_Update_Lock_Delete_USER_TestNG" name="Search" time="2.289"/>
  <system-out/>
  <testcase classname="BCNK_AutoTest.Create_Search_Update_Lock_Delete_USER_TestNG" name="Update" time="12.493"/>
  <system-out/>
  <testcase classname="BCNK_AutoTest.Create_Search_Update_Lock_Delete_USER_TestNG" name="User1" time="2.221"/>
  <system-out/>
  <testcase classname="BCNK_AutoTest.Create_Search_Update_Lock_Delete_USER_TestNG" name="Search1" time="2.230"/>
  <system-out/>
  <testcase classname="BCNK_AutoTest.Create_Search_Update_Lock_Delete_USER_TestNG" name="Lock" time="6.281"/>
  <system-out/>
  <testcase classname="BCNK_AutoTest.Create_Search_Update_Lock_Delete_USER_TestNG" name="User2" time="2.163"/>
  <system-out/>
  <testcase classname="BCNK_AutoTest.Create_Search_Update_Lock_Delete_USER_TestNG" name="Search2" time="2.234"/>
  <system-out/>
  <testcase classname="BCNK_AutoTest.Create_Search_Update_Lock_Delete_USER_TestNG" name="Unlock" time="6.258"/>
  <system-out/>
  <testcase classname="BCNK_AutoTest.Create_Search_Update_Lock_Delete_USER_TestNG" name="User3" time="2.153"/>
  <system-out/>
  <testcase classname="BCNK_AutoTest.Create_Search_Update_Lock_Delete_USER_TestNG" name="Search3" time="2.196"/>
  <system-out/>
  <testcase classname="BCNK_AutoTest.Create_Search_Update_Lock_Delete_USER_TestNG" name="Delete" time="4.160"/>
  <system-out/>
</testsuite> <!-- BCNK_AutoTest.Create_Search_Update_Lock_Delete_USER_TestNG -->
