<?xml version="1.0" encoding="UTF-8"?>
<!-- Generated by org.testng.reporters.JUnitReportReporter -->
<testsuite hostname="Sharknomnom" failures="0" tests="14" name="BCNK_User_AutoTest.Updatecode_Create_Search_Update_Lock_Unlock_Delete_USER_TestNG" time="83.703" errors="0" timestamp="2024-06-04T20:06:04 ICT" skipped="0">
  <testcase classname="BCNK_User_AutoTest.Updatecode_Create_Search_Update_Lock_Unlock_Delete_USER_TestNG" name="Login" time="3.600"/>
  <system-out/>
  <testcase classname="BCNK_User_AutoTest.Updatecode_Create_Search_Update_Lock_Unlock_Delete_USER_TestNG" name="User" time="4.993"/>
  <system-out/>
  <testcase classname="BCNK_User_AutoTest.Updatecode_Create_Search_Update_Lock_Unlock_Delete_USER_TestNG" name="Create" time="20.433"/>
  <system-out/>
  <testcase classname="BCNK_User_AutoTest.Updatecode_Create_Search_Update_Lock_Unlock_Delete_USER_TestNG" name="Search" time="3.827"/>
  <system-out/>
  <testcase classname="BCNK_User_AutoTest.Updatecode_Create_Search_Update_Lock_Unlock_Delete_USER_TestNG" name="Update" time="13.903"/>
  <system-out/>
  <testcase classname="BCNK_User_AutoTest.Updatecode_Create_Search_Update_Lock_Unlock_Delete_USER_TestNG" name="User1" time="2.410"/>
  <system-out/>
  <testcase classname="BCNK_User_AutoTest.Updatecode_Create_Search_Update_Lock_Unlock_Delete_USER_TestNG" name="Search1" time="2.348"/>
  <system-out/>
  <testcase classname="BCNK_User_AutoTest.Updatecode_Create_Search_Update_Lock_Unlock_Delete_USER_TestNG" name="Lock" time="7.546"/>
  <system-out/>
  <testcase classname="BCNK_User_AutoTest.Updatecode_Create_Search_Update_Lock_Unlock_Delete_USER_TestNG" name="User2" time="2.322"/>
  <system-out/>
  <testcase classname="BCNK_User_AutoTest.Updatecode_Create_Search_Update_Lock_Unlock_Delete_USER_TestNG" name="Search2" time="2.377"/>
  <system-out/>
  <testcase classname="BCNK_User_AutoTest.Updatecode_Create_Search_Update_Lock_Unlock_Delete_USER_TestNG" name="Unlock" time="8.484"/>
  <system-out/>
  <testcase classname="BCNK_User_AutoTest.Updatecode_Create_Search_Update_Lock_Unlock_Delete_USER_TestNG" name="User3" time="2.427"/>
  <system-out/>
  <testcase classname="BCNK_User_AutoTest.Updatecode_Create_Search_Update_Lock_Unlock_Delete_USER_TestNG" name="Search3" time="2.407"/>
  <system-out/>
  <testcase classname="BCNK_User_AutoTest.Updatecode_Create_Search_Update_Lock_Unlock_Delete_USER_TestNG" name="Delete" time="6.626"/>
  <system-out/>
</testsuite> <!-- BCNK_User_AutoTest.Updatecode_Create_Search_Update_Lock_Unlock_Delete_USER_TestNG -->
