<?xml version="1.0" encoding="UTF-8"?>
<!-- Generated by org.testng.reporters.JUnitReportReporter -->
<testsuite hostname="Sharknomnom" failures="0" tests="4" name="BCNK_2_AutoTest.TestFail" time="48.103" errors="0" timestamp="2024-03-25T00:10:08 ICT" skipped="0">
  <testcase classname="BCNK_2_AutoTest.TestFail" name="f" time="13.816"/>
  <system-out/>
  <testcase classname="BCNK_2_AutoTest.TestFail" name="f1" time="11.436"/>
  <system-out/>
  <testcase classname="BCNK_2_AutoTest.TestFail" name="f3" time="11.459"/>
  <system-out/>
  <testcase classname="BCNK_2_AutoTest.TestFail" name="f4" time="11.392"/>
  <system-out/>
</testsuite> <!-- BCNK_2_AutoTest.TestFail -->
