<?xml version="1.0" encoding="UTF-8"?>
<!-- Generated by org.testng.reporters.JUnitReportReporter -->
<testsuite hostname="Sharknomnom" failures="0" tests="3" name="BCNK_AutoTest.Create_Search_Update_Delete_TestNG" time="42.852" errors="0" timestamp="2024-03-10T18:30:04 ICT" skipped="0">
  <testcase classname="BCNK_AutoTest.Create_Search_Update_Delete_TestNG" name="Login" time="25.696"/>
  <system-out/>
  <testcase classname="BCNK_AutoTest.Create_Search_Update_Delete_TestNG" name="User" time="2.316"/>
  <system-out/>
  <testcase classname="BCNK_AutoTest.Create_Search_Update_Delete_TestNG" name="Create" time="14.840"/>
  <system-out/>
</testsuite> <!-- BCNK_AutoTest.Create_Search_Update_Delete_TestNG -->
