<?xml version="1.0" encoding="UTF-8"?>
<!-- Generated by org.testng.reporters.JUnitReportReporter -->
<testsuite hostname="Sharknomnom" failures="0" tests="5" name="BCNK_DegreeRank_AutoTest.Create_Search_Update_Delete_Academic_TestNG" time="32.339" errors="0" timestamp="2024-04-19T20:55:00 ICT" skipped="0">
  <testcase classname="BCNK_DegreeRank_AutoTest.Create_Search_Update_Delete_Academic_TestNG" name="Login" time="3.639"/>
  <system-out/>
  <testcase classname="BCNK_DegreeRank_AutoTest.Create_Search_Update_Delete_Academic_TestNG" name="Create" time="13.919"/>
  <system-out/>
  <testcase classname="BCNK_DegreeRank_AutoTest.Create_Search_Update_Delete_Academic_TestNG" name="Search" time="4.129"/>
  <system-out/>
  <testcase classname="BCNK_DegreeRank_AutoTest.Create_Search_Update_Delete_Academic_TestNG" name="Update" time="5.421"/>
  <system-out/>
  <testcase classname="BCNK_DegreeRank_AutoTest.Create_Search_Update_Delete_Academic_TestNG" name="Delete" time="5.231"/>
  <system-out/>
</testsuite> <!-- BCNK_DegreeRank_AutoTest.Create_Search_Update_Delete_Academic_TestNG -->
